2021-03-29 22:50:32,623 INFO notifyConnectTimeout:200

2021-03-29 22:50:32,662 INFO notifySocketTimeout:8000

2021-03-29 22:50:32,662 INFO isHealthCheck:true

2021-03-29 22:50:32,662 INFO maxHealthCheckFailCount:12

2021-03-29 22:50:32,663 INFO maxContent:10485760

2021-03-29 22:50:32,663 INFO spring.datasource.platform:""

2021-03-29 22:50:50,165 INFO use local db service for init

2021-03-29 22:50:53,214 WARN Lexical error at line 4, column 66.  Encountered: <EOF> after : "".

2021-03-29 22:50:53,257 WARN Syntax error: Encountered "*" at line 1, column 1.

2021-03-29 22:51:14,478 INFO notifyConnectTimeout:200

2021-03-29 22:51:14,499 INFO notifySocketTimeout:8000

2021-03-29 22:51:14,499 INFO isHealthCheck:true

2021-03-29 22:51:14,499 INFO maxHealthCheckFailCount:12

2021-03-29 22:51:14,499 INFO maxContent:10485760

2021-03-29 22:51:14,500 INFO spring.datasource.platform:""

2021-03-29 22:51:32,356 INFO use local db service for init

2021-03-29 22:51:33,854 WARN Lexical error at line 4, column 66.  Encountered: <EOF> after : "".

2021-03-29 22:51:33,874 WARN Syntax error: Encountered "*" at line 1, column 1.

2021-03-29 22:51:34,135 WARN Table/View 'CONFIG_INFO' already exists in Schema 'NACOS'.

2021-03-29 22:51:34,236 WARN Table/View 'HIS_CONFIG_INFO' already exists in Schema 'NACOS'.

2021-03-29 22:51:34,307 WARN Table/View 'CONFIG_INFO_BETA' already exists in Schema 'NACOS'.

2021-03-29 22:51:34,330 WARN Table/View 'CONFIG_INFO_TAG' already exists in Schema 'NACOS'.

2021-03-29 22:51:34,357 WARN Table/View 'CONFIG_INFO_AGGR' already exists in Schema 'NACOS'.

2021-03-29 22:51:35,030 WARN Lexical error at line 4, column 13.  Encountered: "`" (96), after : "".

2021-03-29 22:51:35,030 WARN Lexical error at line 1, column 13.  Encountered: "`" (96), after : "".

2021-03-29 22:51:35,031 WARN Lexical error at line 1, column 13.  Encountered: "`" (96), after : "".

2021-03-29 22:51:35,031 WARN Lexical error at line 1, column 13.  Encountered: "`" (96), after : "".

2021-03-29 22:51:35,032 INFO use StandaloneDatabaseOperateImpl

2021-03-29 22:51:38,268 WARN DumpService start

2021-03-29 22:51:38,271 INFO start clear all config-info.

2021-03-29 22:51:38,272 WARN clear all config-info failed.

2021-03-29 22:51:38,272 WARN clear all config-info-tenant failed.

2021-03-29 22:51:38,439 INFO start clear all config-info-beta.

2021-03-29 22:51:38,439 WARN clear all config-info-beta failed.

2021-03-29 22:51:38,439 WARN clear all config-info-beta-tenant failed.

2021-03-29 22:51:38,732 INFO start clear all config-info-tag.

2021-03-29 22:51:38,737 WARN clear all config-info-tag failed.

2021-03-29 22:51:38,737 WARN clear all config-info-tag-tenant failed.

2021-03-29 23:06:48,685 INFO notifyConnectTimeout:200

2021-03-29 23:06:48,745 INFO notifySocketTimeout:8000

2021-03-29 23:06:48,746 INFO isHealthCheck:true

2021-03-29 23:06:48,748 INFO maxHealthCheckFailCount:12

2021-03-29 23:06:48,748 INFO maxContent:10485760

2021-03-29 23:06:48,749 INFO spring.datasource.platform:""

2021-03-29 23:07:06,499 INFO use local db service for init

2021-03-29 23:07:08,322 WARN Lexical error at line 4, column 66.  Encountered: <EOF> after : "".

2021-03-29 23:07:08,329 WARN Syntax error: Encountered "*" at line 1, column 1.

2021-03-29 23:07:08,541 WARN Table/View 'CONFIG_INFO' already exists in Schema 'NACOS'.

2021-03-29 23:07:08,767 WARN Table/View 'HIS_CONFIG_INFO' already exists in Schema 'NACOS'.

2021-03-29 23:07:08,841 WARN Table/View 'CONFIG_INFO_BETA' already exists in Schema 'NACOS'.

2021-03-29 23:07:08,885 WARN Table/View 'CONFIG_INFO_TAG' already exists in Schema 'NACOS'.

2021-03-29 23:07:08,903 WARN Table/View 'CONFIG_INFO_AGGR' already exists in Schema 'NACOS'.

2021-03-29 23:07:08,921 WARN Table/View 'APP_LIST' already exists in Schema 'NACOS'.

2021-03-29 23:07:08,939 WARN Table/View 'APP_CONFIGDATA_RELATION_SUBS' already exists in Schema 'NACOS'.

2021-03-29 23:07:08,969 WARN Table/View 'APP_CONFIGDATA_RELATION_PUBS' already exists in Schema 'NACOS'.

2021-03-29 23:07:08,997 WARN Table/View 'CONFIG_TAGS_RELATION' already exists in Schema 'NACOS'.

2021-03-29 23:07:09,019 WARN Table/View 'GROUP_CAPACITY' already exists in Schema 'NACOS'.

2021-03-29 23:07:09,042 WARN Table/View 'TENANT_CAPACITY' already exists in Schema 'NACOS'.

2021-03-29 23:07:09,063 WARN Table/View 'TENANT_INFO' already exists in Schema 'NACOS'.

2021-03-29 23:07:09,088 WARN Table/View 'USERS' already exists in Schema 'NACOS'.

2021-03-29 23:07:09,103 WARN Table/View 'ROLES' already exists in Schema 'NACOS'.

2021-03-29 23:07:09,113 WARN Table/View 'PERMISSIONS' already exists in Schema 'NACOS'.

2021-03-29 23:07:09,288 WARN The statement was aborted because it would have caused a duplicate key value in a unique or primary key constraint or unique index identified by 'SQL210329225134770' defined on 'USERS'.

2021-03-29 23:07:09,308 WARN The statement was aborted because it would have caused a duplicate key value in a unique or primary key constraint or unique index identified by 'UK_USERNAME_ROLE' defined on 'ROLES'.

2021-03-29 23:07:09,309 WARN Lexical error at line 4, column 13.  Encountered: "`" (96), after : "".

2021-03-29 23:07:09,309 WARN Lexical error at line 1, column 13.  Encountered: "`" (96), after : "".

2021-03-29 23:07:09,310 WARN Lexical error at line 1, column 13.  Encountered: "`" (96), after : "".

2021-03-29 23:07:09,310 WARN Lexical error at line 1, column 13.  Encountered: "`" (96), after : "".

2021-03-29 23:07:09,310 INFO use StandaloneDatabaseOperateImpl

2021-03-29 23:07:12,877 WARN DumpService start

2021-03-29 23:07:12,879 INFO start clear all config-info.

2021-03-29 23:07:12,880 WARN clear all config-info failed.

2021-03-29 23:07:12,881 WARN clear all config-info-tenant failed.

2021-03-29 23:07:13,062 INFO start clear all config-info-beta.

2021-03-29 23:07:13,062 WARN clear all config-info-beta failed.

2021-03-29 23:07:13,062 WARN clear all config-info-beta-tenant failed.

2021-03-29 23:07:13,106 INFO start clear all config-info-tag.

2021-03-29 23:07:13,106 WARN clear all config-info-tag failed.

2021-03-29 23:07:13,106 WARN clear all config-info-tag-tenant failed.

