2021-03-29 22:51:36,141 INFO raft peers changed: [Member{ip='23243c5758b9', port=8848, state=UP, extendInfo={raftPort=7848}}]

2021-03-29 22:51:36,270 INFO initializing Raft sub-system

2021-03-29 22:51:36,271 INFO finish loading all datums, size: 0 cost 0 ms.

2021-03-29 22:51:36,275 INFO cache loaded, datum count: 0, current term: 0

2021-03-29 22:51:36,275 INFO finish to load data from disk, cost: 4 ms.

2021-03-29 22:51:36,285 INFO timer started: leader timeout ms: 15000, heart-beat timeout ms: 5000

2021-03-29 22:51:36,678 INFO add listener: com.alibaba.nacos.naming.domains.meta.

2021-03-29 22:51:38,121 INFO add listener: com.alibaba.nacos.naming.domains.meta.00-00---000-NACOS_SWITCH_DOMAIN-000---00-00

2021-03-29 22:51:41,234 WARN start to close old raft protocol!!!

2021-03-29 22:51:41,234 WARN stop old raft protocol task for notifier

2021-03-29 22:51:41,234 WARN stop old raft protocol task for master task

2021-03-29 22:51:41,234 WARN stop old raft protocol task for heartbeat task

2021-03-29 22:51:41,234 WARN clean old cache datum for old raft

2021-03-29 22:51:41,234 WARN start to close old raft protocol!!!

2021-03-29 22:51:41,234 WARN stop old raft protocol task for notifier

2021-03-29 22:51:41,234 WARN stop old raft protocol task for master task

2021-03-29 22:51:41,234 WARN stop old raft protocol task for heartbeat task

2021-03-29 22:51:41,234 WARN clean old cache datum for old raft

2021-03-29 22:51:41,234 WARN start to move old raft protocol metadata

2021-03-29 22:51:41,236 WARN start to move old raft protocol metadata

2021-03-29 22:51:41,261 INFO raft peers changed: [Member{ip='23243c5758b9', port=8848, state=UP, extendInfo={lastRefreshTime=1617029501235, raftPort=7848, version=2.0.0}}]

2021-03-29 23:07:10,455 INFO raft peers changed: [Member{ip='23243c5758b9', port=8848, state=UP, extendInfo={raftPort=7848}}]

2021-03-29 23:07:10,573 INFO initializing Raft sub-system

2021-03-29 23:07:10,573 INFO finish loading all datums, size: 0 cost 0 ms.

2021-03-29 23:07:10,576 INFO cache loaded, datum count: 0, current term: 0

2021-03-29 23:07:10,576 INFO finish to load data from disk, cost: 3 ms.

2021-03-29 23:07:10,585 INFO timer started: leader timeout ms: 15000, heart-beat timeout ms: 5000

2021-03-29 23:07:10,978 INFO add listener: com.alibaba.nacos.naming.domains.meta.

2021-03-29 23:07:12,725 INFO add listener: com.alibaba.nacos.naming.domains.meta.00-00---000-NACOS_SWITCH_DOMAIN-000---00-00

2021-03-29 23:07:15,549 WARN start to close old raft protocol!!!

2021-03-29 23:07:15,549 WARN stop old raft protocol task for notifier

2021-03-29 23:07:15,549 WARN stop old raft protocol task for master task

2021-03-29 23:07:15,549 WARN stop old raft protocol task for heartbeat task

2021-03-29 23:07:15,549 WARN clean old cache datum for old raft

2021-03-29 23:07:15,549 WARN start to close old raft protocol!!!

2021-03-29 23:07:15,549 WARN stop old raft protocol task for notifier

2021-03-29 23:07:15,549 WARN stop old raft protocol task for master task

2021-03-29 23:07:15,549 WARN stop old raft protocol task for heartbeat task

2021-03-29 23:07:15,549 WARN clean old cache datum for old raft

2021-03-29 23:07:15,549 WARN start to move old raft protocol metadata

2021-03-29 23:07:15,550 WARN start to move old raft protocol metadata

2021-03-29 23:07:15,554 INFO raft peers changed: [Member{ip='23243c5758b9', port=8848, state=UP, extendInfo={lastRefreshTime=1617030435549, raftPort=7848, version=2.0.0}}]

