2021-03-29 22:51:39,422 INFO Register tps control,pointName=CONFIG_PUSH_COUNT, point=com.alibaba.nacos.core.remote.control.TpsMonitorPoint@ec1b2e4 

2021-03-29 22:51:39,423 INFO Load rule from local,pointName=CONFIG_PUSH_COUNT, ruleContent= 

2021-03-29 22:51:39,423 INFO Apply tps control rule parse start,pointName=[CONFIG_PUSH_COUNT]  

2021-03-29 22:51:39,423 INFO Clear point  control rule ,pointName=[CONFIG_PUSH_COUNT]  

2021-03-29 22:51:39,423 INFO Clear point  control rule for monitorKeys, pointName=[CONFIG_PUSH_COUNT]  

2021-03-29 22:51:39,423 INFO Register tps control,pointName=CONFIG_PUSH_SUCCESS, point=com.alibaba.nacos.core.remote.control.TpsMonitorPoint@29a69a35 

2021-03-29 22:51:39,423 INFO Load rule from local,pointName=CONFIG_PUSH_SUCCESS, ruleContent= 

2021-03-29 22:51:39,423 INFO Apply tps control rule parse start,pointName=[CONFIG_PUSH_SUCCESS]  

2021-03-29 22:51:39,423 INFO Clear point  control rule ,pointName=[CONFIG_PUSH_SUCCESS]  

2021-03-29 22:51:39,423 INFO Clear point  control rule for monitorKeys, pointName=[CONFIG_PUSH_SUCCESS]  

2021-03-29 22:51:39,423 INFO Register tps control,pointName=CONFIG_PUSH_FAIL, point=com.alibaba.nacos.core.remote.control.TpsMonitorPoint@67e28be3 

2021-03-29 22:51:39,424 INFO Load rule from local,pointName=CONFIG_PUSH_FAIL, ruleContent= 

2021-03-29 22:51:39,424 INFO Apply tps control rule parse start,pointName=[CONFIG_PUSH_FAIL]  

2021-03-29 22:51:39,424 INFO Clear point  control rule ,pointName=[CONFIG_PUSH_FAIL]  

2021-03-29 22:51:39,424 INFO Clear point  control rule for monitorKeys, pointName=[CONFIG_PUSH_FAIL]  

2021-03-29 22:51:39,448 INFO Load rule from local,pointName=CONFIG_PUSH_COUNT, ruleContent= 

2021-03-29 22:51:39,456 INFO Apply tps control rule parse start,pointName=[CONFIG_PUSH_COUNT]  

2021-03-29 22:51:39,456 INFO Clear point  control rule ,pointName=[CONFIG_PUSH_COUNT]  

2021-03-29 22:51:39,456 INFO Clear point  control rule for monitorKeys, pointName=[CONFIG_PUSH_COUNT]  

2021-03-29 22:51:39,456 INFO Load rule from local,pointName=CONFIG_PUSH_SUCCESS, ruleContent= 

2021-03-29 22:51:39,456 INFO Apply tps control rule parse start,pointName=[CONFIG_PUSH_SUCCESS]  

2021-03-29 22:51:39,456 INFO Clear point  control rule ,pointName=[CONFIG_PUSH_SUCCESS]  

2021-03-29 22:51:39,456 INFO Clear point  control rule for monitorKeys, pointName=[CONFIG_PUSH_SUCCESS]  

2021-03-29 22:51:39,456 INFO Load rule from local,pointName=CONFIG_PUSH_FAIL, ruleContent= 

2021-03-29 22:51:39,456 INFO Apply tps control rule parse start,pointName=[CONFIG_PUSH_FAIL]  

2021-03-29 22:51:39,456 INFO Clear point  control rule ,pointName=[CONFIG_PUSH_FAIL]  

2021-03-29 22:51:39,456 INFO Clear point  control rule for monitorKeys, pointName=[CONFIG_PUSH_FAIL]  

2021-03-29 22:51:48,450 INFO Register tps control,pointName=ConfigQuery, point=com.alibaba.nacos.core.remote.control.TpsMonitorPoint@1b9776f5 

2021-03-29 22:51:48,450 INFO Load rule from local,pointName=ConfigQuery, ruleContent= 

2021-03-29 22:51:48,450 INFO Apply tps control rule parse start,pointName=[ConfigQuery]  

2021-03-29 22:51:48,450 INFO Clear point  control rule ,pointName=[ConfigQuery]  

2021-03-29 22:51:48,450 INFO Clear point  control rule for monitorKeys, pointName=[ConfigQuery]  

2021-03-29 22:51:48,450 INFO Register tps control,pointName=ClusterConfigChangeNotify, point=com.alibaba.nacos.core.remote.control.TpsMonitorPoint@5e048149 

2021-03-29 22:51:48,451 INFO Load rule from local,pointName=ClusterConfigChangeNotify, ruleContent= 

2021-03-29 22:51:48,451 INFO Apply tps control rule parse start,pointName=[ClusterConfigChangeNotify]  

2021-03-29 22:51:48,451 INFO Clear point  control rule ,pointName=[ClusterConfigChangeNotify]  

2021-03-29 22:51:48,451 INFO Clear point  control rule for monitorKeys, pointName=[ClusterConfigChangeNotify]  

2021-03-29 22:51:48,451 INFO Register tps control,pointName=ConfigListen, point=com.alibaba.nacos.core.remote.control.TpsMonitorPoint@79d9214d 

2021-03-29 22:51:48,451 INFO Load rule from local,pointName=ConfigListen, ruleContent= 

2021-03-29 22:51:48,451 INFO Apply tps control rule parse start,pointName=[ConfigListen]  

2021-03-29 22:51:48,451 INFO Clear point  control rule ,pointName=[ConfigListen]  

2021-03-29 22:51:48,451 INFO Clear point  control rule for monitorKeys, pointName=[ConfigListen]  

2021-03-29 22:51:48,451 INFO Register tps control,pointName=ConfigRemove, point=com.alibaba.nacos.core.remote.control.TpsMonitorPoint@3d5790ea 

2021-03-29 22:51:48,451 INFO Load rule from local,pointName=ConfigRemove, ruleContent= 

2021-03-29 22:51:48,451 INFO Apply tps control rule parse start,pointName=[ConfigRemove]  

2021-03-29 22:51:48,451 INFO Clear point  control rule ,pointName=[ConfigRemove]  

2021-03-29 22:51:48,451 INFO Clear point  control rule for monitorKeys, pointName=[ConfigRemove]  

2021-03-29 22:51:48,451 INFO Register tps control,pointName=ConfigPublish, point=com.alibaba.nacos.core.remote.control.TpsMonitorPoint@1dd7796b 

2021-03-29 22:51:48,451 INFO Load rule from local,pointName=ConfigPublish, ruleContent= 

2021-03-29 22:51:48,451 INFO Apply tps control rule parse start,pointName=[ConfigPublish]  

2021-03-29 22:51:48,452 INFO Clear point  control rule ,pointName=[ConfigPublish]  

2021-03-29 22:51:48,452 INFO Clear point  control rule for monitorKeys, pointName=[ConfigPublish]  

2021-03-29 22:51:48,452 INFO Register tps control,pointName=HealthCheck, point=com.alibaba.nacos.core.remote.control.TpsMonitorPoint@67a3bd51 

2021-03-29 22:51:48,453 INFO Load rule from local,pointName=HealthCheck, ruleContent= 

2021-03-29 22:51:48,453 INFO Apply tps control rule parse start,pointName=[HealthCheck]  

2021-03-29 22:51:48,453 INFO Clear point  control rule ,pointName=[HealthCheck]  

2021-03-29 22:51:48,453 INFO Clear point  control rule for monitorKeys, pointName=[HealthCheck]  

2021-03-29 22:51:48,457 INFO Load rule from local,pointName=ConfigQuery, ruleContent= 

2021-03-29 22:51:48,457 INFO Apply tps control rule parse start,pointName=[ConfigQuery]  

2021-03-29 22:51:48,457 INFO Clear point  control rule ,pointName=[ConfigQuery]  

2021-03-29 22:51:48,458 INFO Clear point  control rule for monitorKeys, pointName=[ConfigQuery]  

2021-03-29 22:51:48,458 INFO Load rule from local,pointName=ClusterConfigChangeNotify, ruleContent= 

2021-03-29 22:51:48,458 INFO Apply tps control rule parse start,pointName=[ClusterConfigChangeNotify]  

2021-03-29 22:51:48,458 INFO Clear point  control rule ,pointName=[ClusterConfigChangeNotify]  

2021-03-29 22:51:48,458 INFO Clear point  control rule for monitorKeys, pointName=[ClusterConfigChangeNotify]  

2021-03-29 22:51:48,459 INFO Load rule from local,pointName=ConfigListen, ruleContent= 

2021-03-29 22:51:48,459 INFO Apply tps control rule parse start,pointName=[ConfigListen]  

2021-03-29 22:51:48,459 INFO Clear point  control rule ,pointName=[ConfigListen]  

2021-03-29 22:51:48,459 INFO Clear point  control rule for monitorKeys, pointName=[ConfigListen]  

2021-03-29 22:51:48,459 INFO Load rule from local,pointName=ConfigRemove, ruleContent= 

2021-03-29 22:51:48,459 INFO Apply tps control rule parse start,pointName=[ConfigRemove]  

2021-03-29 22:51:48,459 INFO Clear point  control rule ,pointName=[ConfigRemove]  

2021-03-29 22:51:48,459 INFO Clear point  control rule for monitorKeys, pointName=[ConfigRemove]  

2021-03-29 22:51:48,459 INFO Load rule from local,pointName=ConfigPublish, ruleContent= 

2021-03-29 22:51:48,459 INFO Apply tps control rule parse start,pointName=[ConfigPublish]  

2021-03-29 22:51:48,459 INFO Clear point  control rule ,pointName=[ConfigPublish]  

2021-03-29 22:51:48,459 INFO Clear point  control rule for monitorKeys, pointName=[ConfigPublish]  

2021-03-29 22:51:48,459 INFO Load rule from local,pointName=HealthCheck, ruleContent= 

2021-03-29 22:51:48,459 INFO Apply tps control rule parse start,pointName=[HealthCheck]  

2021-03-29 22:51:48,459 INFO Clear point  control rule ,pointName=[HealthCheck]  

2021-03-29 22:51:48,459 INFO Clear point  control rule for monitorKeys, pointName=[HealthCheck]  

2021-03-29 23:07:14,307 INFO Register tps control,pointName=CONFIG_PUSH_COUNT, point=com.alibaba.nacos.core.remote.control.TpsMonitorPoint@9a2ec9b 

2021-03-29 23:07:14,307 INFO Load rule from local,pointName=CONFIG_PUSH_COUNT, ruleContent= 

2021-03-29 23:07:14,307 INFO Apply tps control rule parse start,pointName=[CONFIG_PUSH_COUNT]  

2021-03-29 23:07:14,307 INFO Clear point  control rule ,pointName=[CONFIG_PUSH_COUNT]  

2021-03-29 23:07:14,307 INFO Clear point  control rule for monitorKeys, pointName=[CONFIG_PUSH_COUNT]  

2021-03-29 23:07:14,307 INFO Register tps control,pointName=CONFIG_PUSH_SUCCESS, point=com.alibaba.nacos.core.remote.control.TpsMonitorPoint@58112bc4 

2021-03-29 23:07:14,308 INFO Load rule from local,pointName=CONFIG_PUSH_SUCCESS, ruleContent= 

2021-03-29 23:07:14,308 INFO Apply tps control rule parse start,pointName=[CONFIG_PUSH_SUCCESS]  

2021-03-29 23:07:14,308 INFO Clear point  control rule ,pointName=[CONFIG_PUSH_SUCCESS]  

2021-03-29 23:07:14,308 INFO Clear point  control rule for monitorKeys, pointName=[CONFIG_PUSH_SUCCESS]  

2021-03-29 23:07:14,308 INFO Register tps control,pointName=CONFIG_PUSH_FAIL, point=com.alibaba.nacos.core.remote.control.TpsMonitorPoint@2301b75 

2021-03-29 23:07:14,308 INFO Load rule from local,pointName=CONFIG_PUSH_FAIL, ruleContent= 

2021-03-29 23:07:14,308 INFO Apply tps control rule parse start,pointName=[CONFIG_PUSH_FAIL]  

2021-03-29 23:07:14,308 INFO Clear point  control rule ,pointName=[CONFIG_PUSH_FAIL]  

2021-03-29 23:07:14,308 INFO Clear point  control rule for monitorKeys, pointName=[CONFIG_PUSH_FAIL]  

2021-03-29 23:07:23,843 INFO Register tps control,pointName=ConfigQuery, point=com.alibaba.nacos.core.remote.control.TpsMonitorPoint@149debbb 

2021-03-29 23:07:23,843 INFO Load rule from local,pointName=ConfigQuery, ruleContent= 

2021-03-29 23:07:23,843 INFO Apply tps control rule parse start,pointName=[ConfigQuery]  

2021-03-29 23:07:23,843 INFO Clear point  control rule ,pointName=[ConfigQuery]  

2021-03-29 23:07:23,843 INFO Clear point  control rule for monitorKeys, pointName=[ConfigQuery]  

2021-03-29 23:07:23,843 INFO Register tps control,pointName=ClusterConfigChangeNotify, point=com.alibaba.nacos.core.remote.control.TpsMonitorPoint@25cd49a4 

2021-03-29 23:07:23,843 INFO Load rule from local,pointName=ClusterConfigChangeNotify, ruleContent= 

2021-03-29 23:07:23,843 INFO Apply tps control rule parse start,pointName=[ClusterConfigChangeNotify]  

2021-03-29 23:07:23,843 INFO Clear point  control rule ,pointName=[ClusterConfigChangeNotify]  

2021-03-29 23:07:23,843 INFO Clear point  control rule for monitorKeys, pointName=[ClusterConfigChangeNotify]  

2021-03-29 23:07:23,843 INFO Register tps control,pointName=ConfigListen, point=com.alibaba.nacos.core.remote.control.TpsMonitorPoint@5477a1ca 

2021-03-29 23:07:23,843 INFO Load rule from local,pointName=ConfigListen, ruleContent= 

2021-03-29 23:07:23,844 INFO Apply tps control rule parse start,pointName=[ConfigListen]  

2021-03-29 23:07:23,844 INFO Clear point  control rule ,pointName=[ConfigListen]  

2021-03-29 23:07:23,850 INFO Clear point  control rule for monitorKeys, pointName=[ConfigListen]  

2021-03-29 23:07:23,850 INFO Register tps control,pointName=ConfigRemove, point=com.alibaba.nacos.core.remote.control.TpsMonitorPoint@3ae9d1e2 

2021-03-29 23:07:23,850 INFO Load rule from local,pointName=ConfigRemove, ruleContent= 

2021-03-29 23:07:23,851 INFO Apply tps control rule parse start,pointName=[ConfigRemove]  

2021-03-29 23:07:23,851 INFO Clear point  control rule ,pointName=[ConfigRemove]  

2021-03-29 23:07:23,851 INFO Clear point  control rule for monitorKeys, pointName=[ConfigRemove]  

2021-03-29 23:07:23,851 INFO Register tps control,pointName=ConfigPublish, point=com.alibaba.nacos.core.remote.control.TpsMonitorPoint@41522537 

2021-03-29 23:07:23,852 INFO Load rule from local,pointName=ConfigPublish, ruleContent= 

2021-03-29 23:07:23,852 INFO Apply tps control rule parse start,pointName=[ConfigPublish]  

2021-03-29 23:07:23,852 INFO Clear point  control rule ,pointName=[ConfigPublish]  

2021-03-29 23:07:23,852 INFO Clear point  control rule for monitorKeys, pointName=[ConfigPublish]  

2021-03-29 23:07:23,852 INFO Register tps control,pointName=HealthCheck, point=com.alibaba.nacos.core.remote.control.TpsMonitorPoint@e9dc4d0 

2021-03-29 23:07:23,852 INFO Load rule from local,pointName=HealthCheck, ruleContent= 

2021-03-29 23:07:23,852 INFO Apply tps control rule parse start,pointName=[HealthCheck]  

2021-03-29 23:07:23,852 INFO Clear point  control rule ,pointName=[HealthCheck]  

2021-03-29 23:07:23,852 INFO Clear point  control rule for monitorKeys, pointName=[HealthCheck]  

