2019-04-13 00:04:10,923 INFO PERFORMANCE:|2|0|-1|-1

2019-04-13 00:09:10,930 INFO PERFORMANCE:|2|0|-1|-1

2019-04-13 00:14:10,930 INFO PERFORMANCE:|2|0|-1|-1

2019-04-13 00:19:10,930 INFO PERFORMANCE:|2|0|-1|-1

2019-04-13 00:24:10,931 INFO PERFORMANCE:|2|0|-1|-1

2019-04-13 00:29:10,931 INFO PERFORMANCE:|2|0|-1|-1

2019-04-13 00:34:10,932 INFO PERFORMANCE:|2|0|-1|-1

2019-04-13 00:39:10,932 INFO PERFORMANCE:|2|0|-1|-1

2019-04-13 00:44:10,933 INFO PERFORMANCE:|2|0|-1|-1

2019-04-13 00:49:10,934 INFO PERFORMANCE:|2|0|-1|-1

2019-04-13 00:54:10,935 INFO PERFORMANCE:|2|0|-1|-1

2019-04-13 00:59:10,936 INFO PERFORMANCE:|2|0|-1|-1

2019-04-13 01:04:10,936 INFO PERFORMANCE:|2|0|-1|-1

2019-04-13 01:09:10,936 INFO PERFORMANCE:|2|0|-1|-1

2019-04-13 01:14:10,937 INFO PERFORMANCE:|2|0|-1|-1

2019-04-13 01:19:10,937 INFO PERFORMANCE:|2|0|-1|-1

2019-04-13 01:24:10,938 INFO PERFORMANCE:|2|0|-1|-1

2019-04-13 01:29:10,938 INFO PERFORMANCE:|2|0|-1|-1

2019-04-13 01:34:10,939 INFO PERFORMANCE:|2|0|-1|-1

2019-04-13 01:39:10,939 INFO PERFORMANCE:|2|0|-1|-1

2019-04-13 01:44:10,940 INFO PERFORMANCE:|2|0|-1|-1

2019-04-13 01:49:10,940 INFO PERFORMANCE:|2|0|-1|-1

2019-04-13 01:54:10,941 INFO PERFORMANCE:|2|0|-1|-1

2019-04-13 01:59:10,942 INFO PERFORMANCE:|2|0|-1|-1

2019-04-13 02:04:10,942 INFO PERFORMANCE:|2|0|-1|-1

2019-04-13 02:09:10,942 INFO PERFORMANCE:|2|0|-1|-1

2019-04-13 02:14:10,943 INFO PERFORMANCE:|2|0|-1|-1

2019-04-13 02:19:10,943 INFO PERFORMANCE:|2|0|-1|-1

2019-04-13 02:24:10,944 INFO PERFORMANCE:|2|0|-1|-1

2019-04-13 02:29:10,944 INFO PERFORMANCE:|2|0|-1|-1

2019-04-13 02:34:10,945 INFO PERFORMANCE:|2|0|-1|-1

2019-04-13 02:39:10,945 INFO PERFORMANCE:|2|0|-1|-1

2019-04-13 02:44:10,946 INFO PERFORMANCE:|2|0|-1|-1

2019-04-13 02:49:10,946 INFO PERFORMANCE:|2|0|-1|-1

2019-04-13 02:54:10,947 INFO PERFORMANCE:|2|0|-1|-1

2019-04-13 02:59:10,947 INFO PERFORMANCE:|2|0|-1|-1

2019-04-13 03:04:10,948 INFO PERFORMANCE:|2|0|-1|-1

2019-04-13 03:09:10,948 INFO PERFORMANCE:|2|0|-1|-1

2019-04-13 03:14:10,949 INFO PERFORMANCE:|2|0|-1|-1

2019-04-13 03:19:10,949 INFO PERFORMANCE:|2|0|-1|-1

2019-04-13 03:24:10,949 INFO PERFORMANCE:|2|0|-1|-1

2019-04-13 03:29:10,950 INFO PERFORMANCE:|2|0|-1|-1

2019-04-13 03:34:10,950 INFO PERFORMANCE:|2|0|-1|-1

2019-04-13 03:39:10,951 INFO PERFORMANCE:|2|0|-1|-1

2019-04-13 03:44:10,951 INFO PERFORMANCE:|2|0|-1|-1

2019-04-13 03:49:10,952 INFO PERFORMANCE:|2|0|-1|-1

2019-04-13 03:54:10,953 INFO PERFORMANCE:|2|0|-1|-1

2019-04-13 03:59:10,953 INFO PERFORMANCE:|2|0|-1|-1

2019-04-13 04:04:10,954 INFO PERFORMANCE:|2|0|-1|-1

2019-04-13 04:09:10,954 INFO PERFORMANCE:|2|0|-1|-1

2019-04-13 04:14:10,955 INFO PERFORMANCE:|2|0|-1|-1

2019-04-13 04:19:10,956 INFO PERFORMANCE:|2|0|-1|-1

2019-04-13 04:24:10,957 INFO PERFORMANCE:|2|0|-1|-1

2019-04-13 04:29:10,957 INFO PERFORMANCE:|2|0|-1|-1

2019-04-13 04:34:10,958 INFO PERFORMANCE:|2|0|-1|-1

2019-04-13 04:39:10,958 INFO PERFORMANCE:|2|0|-1|-1

2019-04-13 04:44:10,959 INFO PERFORMANCE:|2|0|-1|-1

2019-04-13 04:49:10,960 INFO PERFORMANCE:|2|0|-1|-1

2019-04-13 04:54:10,960 INFO PERFORMANCE:|2|0|-1|-1

2019-04-13 04:59:10,961 INFO PERFORMANCE:|2|0|-1|-1

2019-04-13 05:04:10,961 INFO PERFORMANCE:|2|0|-1|-1

2019-04-13 05:09:10,962 INFO PERFORMANCE:|2|0|-1|-1

2019-04-13 05:14:10,963 INFO PERFORMANCE:|2|0|-1|-1

2019-04-13 05:19:10,963 INFO PERFORMANCE:|2|0|-1|-1

2019-04-13 05:24:10,964 INFO PERFORMANCE:|2|0|-1|-1

2019-04-13 05:29:10,965 INFO PERFORMANCE:|2|0|-1|-1

2019-04-13 05:34:10,965 INFO PERFORMANCE:|2|0|-1|-1

2019-04-13 05:39:10,966 INFO PERFORMANCE:|2|0|-1|-1

2019-04-13 05:44:10,966 INFO PERFORMANCE:|2|0|-1|-1

2019-04-13 05:49:10,967 INFO PERFORMANCE:|2|0|-1|-1

2019-04-13 05:54:10,968 INFO PERFORMANCE:|2|0|-1|-1

2019-04-13 05:59:10,969 INFO PERFORMANCE:|2|0|-1|-1

2019-04-13 06:04:10,969 INFO PERFORMANCE:|2|0|-1|-1

2019-04-13 06:09:10,970 INFO PERFORMANCE:|2|0|-1|-1

2019-04-13 06:14:10,971 INFO PERFORMANCE:|2|0|-1|-1

2019-04-13 06:19:10,971 INFO PERFORMANCE:|2|0|-1|-1

2019-04-13 06:24:10,972 INFO PERFORMANCE:|2|0|-1|-1

2019-04-13 06:29:10,972 INFO PERFORMANCE:|2|0|-1|-1

2019-04-13 06:34:10,972 INFO PERFORMANCE:|2|0|-1|-1

2019-04-13 06:39:10,973 INFO PERFORMANCE:|2|0|-1|-1

2019-04-13 06:44:10,973 INFO PERFORMANCE:|2|0|-1|-1

2019-04-13 06:49:10,974 INFO PERFORMANCE:|2|0|-1|-1

2019-04-13 06:54:10,975 INFO PERFORMANCE:|2|0|-1|-1

2019-04-13 06:59:10,976 INFO PERFORMANCE:|2|0|-1|-1

2019-04-13 07:04:10,976 INFO PERFORMANCE:|2|0|-1|-1

2019-04-13 07:09:10,977 INFO PERFORMANCE:|2|0|-1|-1

2019-04-13 07:14:10,977 INFO PERFORMANCE:|2|0|-1|-1

2019-04-13 07:19:10,978 INFO PERFORMANCE:|2|0|-1|-1

2019-04-13 07:24:10,979 INFO PERFORMANCE:|2|0|-1|-1

2019-04-13 07:29:10,979 INFO PERFORMANCE:|2|0|-1|-1

2019-04-13 07:34:10,980 INFO PERFORMANCE:|2|0|-1|-1

2019-04-13 07:39:10,980 INFO PERFORMANCE:|2|0|-1|-1

2019-04-13 07:44:10,981 INFO PERFORMANCE:|2|0|-1|-1

2019-04-13 07:49:10,981 INFO PERFORMANCE:|2|0|-1|-1

2019-04-13 07:54:10,982 INFO PERFORMANCE:|2|0|-1|-1

2019-04-13 07:59:10,982 INFO PERFORMANCE:|2|0|-1|-1

2019-04-13 08:04:10,983 INFO PERFORMANCE:|2|0|-1|-1

2019-04-13 08:09:10,984 INFO PERFORMANCE:|2|0|-1|-1

2019-04-13 08:14:10,985 INFO PERFORMANCE:|2|0|-1|-1

2019-04-13 08:19:10,985 INFO PERFORMANCE:|2|0|-1|-1

2019-04-13 08:24:10,986 INFO PERFORMANCE:|2|0|-1|-1

2019-04-13 08:29:10,986 INFO PERFORMANCE:|2|0|-1|-1

2019-04-13 08:34:10,986 INFO PERFORMANCE:|2|0|-1|-1

2019-04-13 08:39:10,987 INFO PERFORMANCE:|2|0|-1|-1

2019-04-13 08:44:10,988 INFO PERFORMANCE:|2|0|-1|-1

2019-04-13 08:49:10,988 INFO PERFORMANCE:|2|0|-1|-1

2019-04-13 08:54:10,989 INFO PERFORMANCE:|2|0|-1|-1

2019-04-13 08:59:10,989 INFO PERFORMANCE:|2|0|-1|-1

2019-04-13 09:04:10,990 INFO PERFORMANCE:|2|0|-1|-1

2019-04-13 09:09:10,991 INFO PERFORMANCE:|2|0|-1|-1

2019-04-13 09:14:10,991 INFO PERFORMANCE:|2|0|-1|-1

2019-04-13 09:19:10,992 INFO PERFORMANCE:|2|0|-1|-1

2019-04-13 09:24:10,993 INFO PERFORMANCE:|2|0|-1|-1

2019-04-13 09:29:10,993 INFO PERFORMANCE:|2|0|-1|-1

2019-04-13 09:34:10,994 INFO PERFORMANCE:|2|0|-1|-1

2019-04-13 09:39:10,994 INFO PERFORMANCE:|2|0|-1|-1

2019-04-13 09:44:10,995 INFO PERFORMANCE:|2|0|-1|-1

2019-04-13 09:49:11,934 INFO PERFORMANCE:|2|0|-1|-1

2019-04-13 09:54:11,934 INFO PERFORMANCE:|2|0|-1|-1

2019-04-13 09:59:11,956 INFO PERFORMANCE:|2|0|-1|-1

2019-04-13 10:04:11,956 INFO PERFORMANCE:|2|0|-1|-1

2019-04-13 10:09:11,957 INFO PERFORMANCE:|2|0|-1|-1

2019-04-13 10:14:11,957 INFO PERFORMANCE:|2|0|-1|-1

2019-04-13 10:19:11,959 INFO PERFORMANCE:|2|0|-1|-1

2019-04-13 10:24:11,980 INFO PERFORMANCE:|2|0|-1|-1

2019-04-13 10:29:11,981 INFO PERFORMANCE:|2|0|-1|-1

2019-04-13 10:34:11,981 INFO PERFORMANCE:|2|0|-1|-1

2019-04-13 10:39:11,982 INFO PERFORMANCE:|2|0|-1|-1

2019-04-13 10:44:11,982 INFO PERFORMANCE:|2|0|-1|-1

2019-04-13 10:49:11,983 INFO PERFORMANCE:|2|0|-1|-1

2019-04-13 10:54:11,984 INFO PERFORMANCE:|2|0|-1|-1

2019-04-13 10:59:11,984 INFO PERFORMANCE:|2|0|-1|-1

2019-04-13 11:04:11,985 INFO PERFORMANCE:|2|0|-1|-1

2019-04-13 11:09:11,985 INFO PERFORMANCE:|2|0|-1|-1

2019-04-13 11:14:11,986 INFO PERFORMANCE:|2|0|-1|-1

2019-04-13 11:19:11,986 INFO PERFORMANCE:|2|0|-1|-1

2019-04-13 11:24:11,987 INFO PERFORMANCE:|2|0|-1|-1

2019-04-13 11:29:11,988 INFO PERFORMANCE:|2|0|-1|-1

2019-04-13 11:34:11,989 INFO PERFORMANCE:|2|0|-1|-1

2019-04-13 11:39:11,989 INFO PERFORMANCE:|2|0|-1|-1

2019-04-13 11:44:11,990 INFO PERFORMANCE:|2|0|-1|-1

2019-04-13 11:49:11,991 INFO PERFORMANCE:|2|0|-1|-1

2019-04-13 11:54:11,995 INFO PERFORMANCE:|2|0|-1|-1

2019-04-13 11:59:11,995 INFO PERFORMANCE:|2|0|-1|-1

2019-04-13 12:04:11,996 INFO PERFORMANCE:|2|0|-1|-1

2019-04-13 12:09:11,996 INFO PERFORMANCE:|2|0|-1|-1

2019-04-13 12:14:11,997 INFO PERFORMANCE:|2|0|-1|-1

2019-04-13 12:19:11,997 INFO PERFORMANCE:|2|0|-1|-1

2019-04-13 12:24:11,998 INFO PERFORMANCE:|2|0|-1|-1

2019-04-13 12:29:11,998 INFO PERFORMANCE:|2|0|-1|-1

2019-04-13 12:34:11,998 INFO PERFORMANCE:|2|0|-1|-1

2019-04-13 12:39:11,999 INFO PERFORMANCE:|2|0|-1|-1

2019-04-13 12:44:12,000 INFO PERFORMANCE:|2|0|-1|-1

2019-04-13 12:49:12,001 INFO PERFORMANCE:|2|0|-1|-1

2019-04-13 12:54:12,001 INFO PERFORMANCE:|2|0|-1|-1

2019-04-13 12:59:12,001 INFO PERFORMANCE:|2|0|-1|-1

2019-04-13 13:04:12,002 INFO PERFORMANCE:|2|0|-1|-1

2019-04-13 13:09:12,004 INFO PERFORMANCE:|2|0|-1|-1

2019-04-13 13:14:12,004 INFO PERFORMANCE:|2|0|-1|-1

2019-04-13 13:19:12,005 INFO PERFORMANCE:|2|0|-1|-1

2019-04-13 13:24:12,006 INFO PERFORMANCE:|2|0|-1|-1

2019-04-13 13:29:12,006 INFO PERFORMANCE:|2|0|-1|-1

2019-04-13 13:34:12,007 INFO PERFORMANCE:|2|0|-1|-1

2019-04-13 13:39:12,008 INFO PERFORMANCE:|2|0|-1|-1

2019-04-13 13:44:12,008 INFO PERFORMANCE:|2|0|-1|-1

2019-04-13 13:49:12,009 INFO PERFORMANCE:|2|0|-1|-1

2019-04-13 13:54:12,009 INFO PERFORMANCE:|2|0|-1|-1

2019-04-13 13:59:12,010 INFO PERFORMANCE:|2|0|-1|-1

2019-04-13 14:04:27,183 INFO PERFORMANCE:|2|0|-1|-1

2019-04-13 14:09:27,185 INFO PERFORMANCE:|2|0|-1|-1

2019-04-13 14:14:27,191 INFO PERFORMANCE:|2|0|-1|-1

2019-04-13 14:19:27,192 INFO PERFORMANCE:|2|0|-1|-1

2019-04-13 14:24:27,198 INFO PERFORMANCE:|2|0|-1|-1

2019-04-13 14:29:27,198 INFO PERFORMANCE:|2|0|-1|-1

2019-04-13 14:34:27,199 INFO PERFORMANCE:|2|0|-1|-1

2019-04-13 14:39:27,200 INFO PERFORMANCE:|2|0|-1|-1

2019-04-13 14:44:27,201 INFO PERFORMANCE:|2|0|-1|-1

2019-04-13 14:49:27,206 INFO PERFORMANCE:|2|0|-1|-1

2019-04-13 14:54:27,207 INFO PERFORMANCE:|2|0|-1|-1

