
         ,--.
       ,--.'|
   ,--,:  : |                                           Nacos 1.0.0
,`--.'`|  ' :                       ,---.               Running in stand alone mode, All function modules
|   :  :  | |                      '   ,'\   .--.--.    Port: 8848
:   |   \ | :  ,--.--.     ,---.  /   /   | /  /    '   Pid: 19
|   : '  '; | /       \   /     \.   ; ,. :|  :  /`./   Console: http://ad3cba1d7295:8848/nacos/index.html
'   ' ;.    ;.--.  .-. | /    / ''   | |: :|  :  ;_
|   | | \   | \__\/: . ..    ' / '   | .; : \  \    `.      https://nacos.io
'   : |  ; .' ," .--.; |'   ; :__|   :    |  `----.   \
|   | '`--'  /  /  ,.  |'   | '.'|\   \  /  /  /`--'  /
'   : |     ;  :   .'   \   :    : `----'  '--'.     /
;   |.'     |  ,     .-./\   \  /            `--'---'
'---'        `--`---'     `----'

2019-04-12 09:53:31,978 INFO Bean 'org.springframework.security.config.annotation.configuration.ObjectPostProcessorConfiguration' of type [org.springframework.security.config.annotation.configuration.ObjectPostProcessorConfiguration$$EnhancerBySpringCGLIB$$b6a604af] is not eligible for getting processed by all BeanPostProcessors (for example: not eligible for auto-proxying)

2019-04-12 09:53:32,128 INFO Bean 'objectPostProcessor' of type [org.springframework.security.config.annotation.configuration.AutowireBeanFactoryObjectPostProcessor] is not eligible for getting processed by all BeanPostProcessors (for example: not eligible for auto-proxying)

2019-04-12 09:53:32,137 INFO Bean 'org.springframework.security.access.expression.method.DefaultMethodSecurityExpressionHandler@3f4faf53' of type [org.springframework.security.access.expression.method.DefaultMethodSecurityExpressionHandler] is not eligible for getting processed by all BeanPostProcessors (for example: not eligible for auto-proxying)

2019-04-12 09:53:32,141 INFO Bean 'org.springframework.security.config.annotation.method.configuration.GlobalMethodSecurityConfiguration' of type [org.springframework.security.config.annotation.method.configuration.GlobalMethodSecurityConfiguration$$EnhancerBySpringCGLIB$$db7aa761] is not eligible for getting processed by all BeanPostProcessors (for example: not eligible for auto-proxying)

2019-04-12 09:53:32,149 INFO Bean 'methodSecurityMetadataSource' of type [org.springframework.security.access.method.DelegatingMethodSecurityMetadataSource] is not eligible for getting processed by all BeanPostProcessors (for example: not eligible for auto-proxying)

2019-04-12 09:53:34,017 INFO Tomcat initialized with port(s): 8848 (http)

2019-04-12 09:53:34,386 INFO Root WebApplicationContext: initialization completed in 6286 ms

2019-04-12 09:53:40,057 INFO Initializing ExecutorService 'applicationTaskExecutor'

2019-04-12 09:53:40,408 INFO Adding welcome page: class path resource [static/index.html]

2019-04-12 09:53:41,471 INFO Creating filter chain: Ant [pattern='/'], []

2019-04-12 09:53:41,472 INFO Creating filter chain: Ant [pattern='/**/*.css'], []

2019-04-12 09:53:41,478 INFO Creating filter chain: Ant [pattern='/**/*.js'], []

2019-04-12 09:53:41,478 INFO Creating filter chain: Ant [pattern='/**/*.html'], []

2019-04-12 09:53:41,478 INFO Creating filter chain: Ant [pattern='/**/*.map'], []

2019-04-12 09:53:41,478 INFO Creating filter chain: Ant [pattern='/**/*.svg'], []

2019-04-12 09:53:41,478 INFO Creating filter chain: Ant [pattern='/**/*.png'], []

2019-04-12 09:53:41,478 INFO Creating filter chain: Ant [pattern='/**/*.ico'], []

2019-04-12 09:53:41,478 INFO Creating filter chain: Ant [pattern='/console-fe/public/**'], []

2019-04-12 09:53:41,480 INFO Creating filter chain: Ant [pattern='/v1/auth/login'], []

2019-04-12 09:53:41,480 INFO Creating filter chain: Ant [pattern='/v1/console/health/**'], []

2019-04-12 09:53:41,480 INFO Creating filter chain: Ant [pattern='/v1/cs/**'], []

2019-04-12 09:53:41,480 INFO Creating filter chain: Ant [pattern='/v1/ns/**'], []

2019-04-12 09:53:41,480 INFO Creating filter chain: Ant [pattern='/v1/cmdb/**'], []

2019-04-12 09:53:41,481 INFO Creating filter chain: Ant [pattern='/actuator/**'], []

2019-04-12 09:53:41,481 INFO Creating filter chain: Ant [pattern='/v1/console/server/**'], []

2019-04-12 09:53:41,628 INFO Creating filter chain: any request, [org.springframework.security.web.context.request.async.WebAsyncManagerIntegrationFilter@531c311e, org.springframework.security.web.context.SecurityContextPersistenceFilter@129b4fe2, org.springframework.security.web.header.HeaderWriterFilter@6821ea29, org.springframework.security.web.authentication.logout.LogoutFilter@2bb7bd00, com.alibaba.nacos.console.filter.JwtAuthenticationTokenFilter@22b53226, org.springframework.security.web.savedrequest.RequestCacheAwareFilter@19ae6bb, org.springframework.security.web.servletapi.SecurityContextHolderAwareRequestFilter@24b6b8f6, org.springframework.security.web.authentication.AnonymousAuthenticationFilter@1fcb4808, org.springframework.security.web.session.SessionManagementFilter@505a9d7c, org.springframework.security.web.access.ExceptionTranslationFilter@1f2f9244, org.springframework.security.web.access.intercept.FilterSecurityInterceptor@75e91545]

2019-04-12 09:53:41,757 INFO Exposing 16 endpoint(s) beneath base path '/actuator'

2019-04-12 09:53:41,833 INFO Initializing ExecutorService 'taskScheduler'

2019-04-12 09:53:42,057 INFO Tomcat started on port(s): 8848 (http) with context path '/nacos'

2019-04-12 09:53:42,072 INFO Nacos Log files: /home/nacos/logs/

2019-04-12 09:53:42,072 INFO Nacos Conf files: /home/nacos/conf/

2019-04-12 09:53:42,072 INFO Nacos Data files: /home/nacos/data/

2019-04-12 09:53:42,072 INFO Nacos started successfully in stand alone mode.

2019-04-12 09:53:42,309 INFO Initializing Servlet 'dispatcherServlet'

2019-04-12 09:53:42,329 INFO Completed initialization in 20 ms

